0 info it worked if it ends with ok
1 verbose cli [ '/usr/bin/node', '/usr/bin/npm', 'run', 'dev' ]
2 info using npm@3.5.2
3 info using node@v8.10.0
4 verbose config Skipping project config: /home/leticia/.npmrc. (matches userconfig)
5 verbose run-script [ 'predev', 'dev', 'postdev' ]
6 info lifecycle @1.0.0~predev: @1.0.0
7 silly lifecycle @1.0.0~predev: no script for predev, continuing
8 info lifecycle @1.0.0~dev: @1.0.0
9 verbose lifecycle @1.0.0~dev: unsafe-perm in lifecycle true
10 verbose lifecycle @1.0.0~dev: PATH: /usr/share/npm/bin/node-gyp-bin:/home/leticia/node_modules/.bin:/usr/local/sbin:/usr/local/bin:/usr/sbin:/usr/bin:/sbin:/bin:/usr/games:/usr/local/games:/snap/bin
11 verbose lifecycle @1.0.0~dev: CWD: /home/leticia
12 silly lifecycle @1.0.0~dev: Args: [ '-c',
12 silly lifecycle   'webpack-dev-server --inline --progress --config build/webpack.dev.conf.js' ]
13 info lifecycle @1.0.0~dev: Failed to exec dev script
14 verbose stack Error: @1.0.0 dev: `webpack-dev-server --inline --progress --config build/webpack.dev.conf.js`
14 verbose stack spawn ENOENT
14 verbose stack     at ChildProcess.<anonymous> (/usr/share/npm/lib/utils/spawn.js:17:16)
14 verbose stack     at emitTwo (events.js:126:13)
14 verbose stack     at ChildProcess.emit (events.js:214:7)
14 verbose stack     at maybeClose (internal/child_process.js:925:16)
14 verbose stack     at Process.ChildProcess._handle.onexit (internal/child_process.js:209:5)
15 verbose pkgid @1.0.0
16 verbose cwd /home/leticia/Documentos/SPA_com_Vue_JS
17 error Linux 4.15.0-36-generic
18 error argv "/usr/bin/node" "/usr/bin/npm" "run" "dev"
19 error node v8.10.0
20 error npm  v3.5.2
21 error file sh
22 error code ELIFECYCLE
23 error errno ENOENT
24 error syscall spawn
25 error @1.0.0 dev: `webpack-dev-server --inline --progress --config build/webpack.dev.conf.js`
25 error spawn ENOENT
26 error Failed at the @1.0.0 dev script 'webpack-dev-server --inline --progress --config build/webpack.dev.conf.js'.
26 error Make sure you have the latest version of node.js and npm installed.
26 error If you do, this is most likely a problem with the  package,
26 error not with npm itself.
26 error Tell the author that this fails on your system:
26 error     webpack-dev-server --inline --progress --config build/webpack.dev.conf.js
26 error You can get information on how to open an issue for this project with:
26 error     npm bugs
26 error Or if that isn't available, you can get their info via:
26 error     npm owner ls
26 error There is likely additional logging output above.
27 verbose exit [ 1, true ]
